Loading "config.m"
Computing basis of cusp forms of weight [ 2, 3 ], level Ideal of ZF
Two element generators:
391
44*$.2 + 128
Computing eigenforms for N=391, 44*$.2 + 128 and weight=[ 2, 3 ]...Decomposing HilbertCuspForms for N=391, 44*$.2 + 128 and weight=[ 2, 3 ]...creating new New cuspidal space of Hilbert modular forms over
    Quadratic Field with defining polynomial $.1^2 - 2 over the Rational Field
    Level: Ideal of norm 391 generated by 391, 44*$.2 + 128
    New level: Ideal of norm 391 generated by 391, 44*$.2 + 128
    Dirichlet character: $.2
    Weight: [ 2, 3 ]
will be computed using the definite quaternion algebra with discriminant of norm 1 defined by
    i^2 = -1
    j^2 = -1
Projective line modulo ideal of norm 391: Time: 0.020
Field chosen for weight representation:
  weight_field
       |
       |
      F<w>
       |
       |
       Q

weight_field : $.1^2 + 1
F            : x^2 - 2
Using model of weight_field given by $.1^4 + 1 over Q
ProjectiveLineOrbits: Time: 0.000
Stabilizers {* 1^^18 *}
Computing oldforms relative to prime of norm 17
Projective line modulo ideal of norm 23: Time: 0.000
ProjectiveLineOrbits: Time: 0.000
Stabilizers {* 1 *}
Degeneracy maps between dimensions 36 and 2: dmd 23, $.2 + 5 391, 44*$.2 + 128
Time: 0.000
dmd 23, $.2 + 5 391, 44*$.2 + 128
Precomputation:
Left order classes of the right ideal classes are [ 1 ]
Computing generators for norms of right ideal classes ... Time: 0.000
Getting JJs ... Time: 0.000
Getting tp's for prime of norm 17 (using "large prime method")
Z-basis for I:J (using the J' trick) ... Time: 0.000
Doing row #1:  Time for row #1: 0.010
Choosing representatives modulo left multiplication by units: Time: 0.000
Precomputation time: 0.020
Time: 0.040
Sum of oldspaces: Time: 0.000
Time: 0.050
Remaining new space has dimension 32
Choosing 'rational' basis for space of dimension 32
Computing enough Hecke operators to generate the Hecke algebra
Constructing Hecke algebra of dimension 32:
Time: 0.000
Precomputation:
Left order classes of the right ideal classes are [ 1 ]
Getting JJs ... Time: 0.000
Getting tp's for prime of norm 2 (using "large prime method")
Doing row #1:  Time for row #1: 0.040
Precomputation time: 0.040
All 36 columns of big Hecke matrix (norm 2): Time: 0.010
Choosing minimal generators for Hecke algebra:
Time: 0.000
Hecke algebra is generated by primes of norms [ 2 ]
Time: 0.060
Now choosing the rational basis: 1.1.1.1.1.1.1.1.1.1.1.1.1.1.1.1.1.1.1.1.1.1.1.1.1.1.1.1.1.1.1.Time: 0.050
Time: 0.110
Inverting change of basis matrix: Time: 1.210
Figuring out the 'Hecke matrix field' ... Time: 0.000
hecke character subspace decomposition...Constructing Hecke algebra of dimension 32:
Time: 0.000
Choosing minimal generators for Hecke algebra:
Time: 0.000
Hecke algebra is generated by primes of norms [ 2 ]
Characteristic polynomial of Hecke algebra generator: Time: 0.000
Factoring the polynomial: Time: 0.000
Decomposition dimensions: 32 = [ 32 ]
Spinning: Time: 0.000
Decomposing: 32 Echelonizing basis: Time: 0.120
Time: 0.120
Setting up newform spaces: Time: 0.070
Time: 0.200
Done
Setting up eigenform for space of dimension 32 (using METHOD 1)
Constructing Hecke algebra of dimension 32:
Time: 0.000
Choosing minimal generators for Hecke algebra:
Time: 0.000
Hecke algebra is generated by primes of norms [ 2 ]
CharacteristicPolynomial: Time: 0.000
Figuring out the 'Hecke matrix field' ... Time: 0.000
Eigenspace: Time: 0.580
Time: 5.200
Constructing Hecke algebra of dimension 32:
Time: 0.000
Choosing minimal generators for Hecke algebra:
Time: 0.000
Hecke algebra is generated by primes of norms [ 2 ]
Computing eigenvalues for Cuspidal newform space of Hilbert modular forms over
    Quadratic Field with defining polynomial x^2 - 2 over the Rational Field
    Level: Ideal of norm 391 generated by 391, 44*$.2 + 128
    New level: Ideal of norm 391 generated by 391, 44*$.2 + 128
    Dirichlet character: $.2
    Weight: [ 2, 3 ]
    Dimension 32...
Precomputation:
Left order classes of the right ideal classes are [ 1 ]
Getting JJs ... Time: 0.000
Getting tp's for prime of norm 7 (using "large prime method")
Doing row #1:  Time for row #1: 0.000
Choosing representatives modulo left multiplication by units: Time: 0.000
Precomputation time: 0.000
All 36 columns of big Hecke matrix (norm 7): Time: 0.040
Precomputation:
Left order classes of the right ideal classes are [ 1 ]
Getting JJs ... Time: 0.000
Getting tp's for prime of norm 7 (using "large prime method")
Doing row #1:  Time for row #1: 0.000
Choosing representatives modulo left multiplication by units: Time: 0.010
Precomputation time: 0.010
All 36 columns of big Hecke matrix (norm 7): Time: 0.030
Precomputation:
Left order classes of the right ideal classes are [ 1 ]
Getting JJs ... Time: 0.000
Getting tp's for prime of norm 9 (using "large prime method")
Doing row #1:  Time for row #1: 0.080
Precomputation time: 0.080
All 36 columns of big Hecke matrix (norm 9): Time: 0.040
All 36 columns of big Hecke matrix (norm 17): Time: 0.070
Precomputation:
Left order classes of the right ideal classes are [ 1 ]
Getting JJs ... Time: 0.000
Getting tp's for prime of norm 17 (using "large prime method")
Doing row #1:  Time for row #1: 0.000
Choosing representatives modulo left multiplication by units: Time: 0.010
Precomputation time: 0.020
All 36 columns of big Hecke matrix (norm 17): Time: 0.070
Precomputation:
Left order classes of the right ideal classes are [ 1 ]
Getting JJs ... Time: 0.000
Getting tp's for prime of norm 23 (using "large prime method")
Doing row #1:  Time for row #1: 0.010
Choosing representatives modulo left multiplication by units: Time: 0.000
Precomputation time: 0.010
All 36 columns of big Hecke matrix (norm 23): Time: 0.100
Precomputation:
Left order classes of the right ideal classes are [ 1 ]
Getting JJs ... Time: 0.000
Getting tp's for prime of norm 23 (using "large prime method")
Doing row #1:  Time for row #1: 0.010
Choosing representatives modulo left multiplication by units: Time: 0.010
Precomputation time: 0.020
All 36 columns of big Hecke matrix (norm 23): Time: 0.100
Precomputation:
Left order classes of the right ideal classes are [ 1 ]
Getting JJs ... Time: 0.000
Getting tp's for prime of norm 25 (using "large prime method")
Doing row #1:  Time for row #1: 0.180
Precomputation time: 0.180
All 36 columns of big Hecke matrix (norm 25): Time: 0.110
Precomputation:
Left order classes of the right ideal classes are [ 1 ]
Getting JJs ... Time: 0.000
Getting tp's for prime of norm 31 (using "large prime method")
Doing row #1:  Time for row #1: 0.020
Choosing representatives modulo left multiplication by units: Time: 0.000
Precomputation time: 0.020
All 36 columns of big Hecke matrix (norm 31): Time: 0.140
Precomputation:
Left order classes of the right ideal classes are [ 1 ]
Getting JJs ... Time: 0.000
Getting tp's for prime of norm 31 (using "large prime method")
Doing row #1:  Time for row #1: 0.010
Choosing representatives modulo left multiplication by units: Time: 0.010
Precomputation time: 0.020
All 36 columns of big Hecke matrix (norm 31): Time: 0.140
Precomputation:
Left order classes of the right ideal classes are [ 1 ]
Getting JJs ... Time: 0.000
Getting tp's for prime of norm 41 (using "large prime method")
Doing row #1:  Time for row #1: 0.010
Choosing representatives modulo left multiplication by units: Time: 0.010
Precomputation time: 0.020
All 36 columns of big Hecke matrix (norm 41): Time: 0.170
Precomputation:
Left order classes of the right ideal classes are [ 1 ]
Getting JJs ... Time: 0.000
Getting tp's for prime of norm 41 (using "large prime method")
Doing row #1:  Time for row #1: 0.010
Choosing representatives modulo left multiplication by units: Time: 0.010
Precomputation time: 0.020
All 36 columns of big Hecke matrix (norm 41): Time: 0.180
Precomputation:
Left order classes of the right ideal classes are [ 1 ]
Getting JJs ... Time: 0.000
Getting tp's for prime of norm 47 (using "large prime method")
Doing row #1:  Time for row #1: 0.020
Choosing representatives modulo left multiplication by units: Time: 0.010
Precomputation time: 0.030
All 36 columns of big Hecke matrix (norm 47): Time: 0.200
Precomputation:
Left order classes of the right ideal classes are [ 1 ]
Getting JJs ... Time: 0.000
Getting tp's for prime of norm 47 (using "large prime method")
Doing row #1:  Time for row #1: 0.020
Choosing representatives modulo left multiplication by units: Time: 0.010
Precomputation time: 0.030
All 36 columns of big Hecke matrix (norm 47): Time: 0.200
Precomputation:
Left order classes of the right ideal classes are [ 1 ]
Getting JJs ... Time: 0.000
Getting tp's for prime of norm 71 (using "large prime method")
Doing row #1:  Time for row #1: 0.020
Choosing representatives modulo left multiplication by units: Time: 0.010
Precomputation time: 0.030
All 36 columns of big Hecke matrix (norm 71): Time: 0.310
Precomputation:
Left order classes of the right ideal classes are [ 1 ]
Getting JJs ... Time: 0.000
Getting tp's for prime of norm 71 (using "large prime method")
Doing row #1:  Time for row #1: 0.030
Choosing representatives modulo left multiplication by units: Time: 0.010
Precomputation time: 0.040
All 36 columns of big Hecke matrix (norm 71): Time: 0.300
Precomputation:
Left order classes of the right ideal classes are [ 1 ]
Getting JJs ... Time: 0.000
Getting tp's for prime of norm 73 (using "large prime method")
Doing row #1:  Time for row #1: 0.020
Choosing representatives modulo left multiplication by units: Time: 0.020
Precomputation time: 0.040
All 36 columns of big Hecke matrix (norm 73): Time: 0.310
Precomputation:
Left order classes of the right ideal classes are [ 1 ]
Getting JJs ... Time: 0.000
Getting tp's for prime of norm 73 (using "large prime method")
Doing row #1:  Time for row #1: 0.020
Choosing representatives modulo left multiplication by units: Time: 0.010
Precomputation time: 0.030
All 36 columns of big Hecke matrix (norm 73): Time: 0.310
Precomputation:
Left order classes of the right ideal classes are [ 1 ]
Getting JJs ... Time: 0.000
Getting tp's for prime of norm 79 (using "large prime method")
Doing row #1:  Time for row #1: 0.030
Choosing representatives modulo left multiplication by units: Time: 0.010
Precomputation time: 0.040
All 36 columns of big Hecke matrix (norm 79): Time: 0.340
Precomputation:
Left order classes of the right ideal classes are [ 1 ]
Getting JJs ... Time: 0.000
Getting tp's for prime of norm 79 (using "large prime method")
Doing row #1:  Time for row #1: 0.020
Choosing representatives modulo left multiplication by units: Time: 0.020
Precomputation time: 0.050
All 36 columns of big Hecke matrix (norm 79): Time: 0.330
Precomputation:
Left order classes of the right ideal classes are [ 1 ]
Getting JJs ... Time: 0.000
Getting tp's for prime of norm 89 (using "large prime method")
Doing row #1:  Time for row #1: 0.030
Choosing representatives modulo left multiplication by units: Time: 0.010
Precomputation time: 0.040
All 36 columns of big Hecke matrix (norm 89): Time: 0.370
Precomputation:
Left order classes of the right ideal classes are [ 1 ]
Getting JJs ... Time: 0.000
Getting tp's for prime of norm 89 (using "large prime method")
Doing row #1:  Time for row #1: 0.030
Choosing representatives modulo left multiplication by units: Time: 0.010
Precomputation time: 0.040
All 36 columns of big Hecke matrix (norm 89): Time: 0.380
Precomputation:
Left order classes of the right ideal classes are [ 1 ]
Getting JJs ... Time: 0.000
Getting tp's for prime of norm 97 (using "large prime method")
Doing row #1:  Time for row #1: 0.030
Choosing representatives modulo left multiplication by units: Time: 0.020
Precomputation time: 0.050
All 36 columns of big Hecke matrix (norm 97): Time: 0.420
Precomputation:
Left order classes of the right ideal classes are [ 1 ]
Getting JJs ... Time: 0.000
Getting tp's for prime of norm 97 (using "large prime method")
Doing row #1:  Time for row #1: 0.030
Choosing representatives modulo left multiplication by units: Time: 0.020
Precomputation time: 0.050
All 36 columns of big Hecke matrix (norm 97): Time: 0.420
Precomputation:
Left order classes of the right ideal classes are [ 1 ]
Getting JJs ... Time: 0.000
Getting tp's for prime of norm 103 (using "large prime method")
Doing row #1:  Time for row #1: 0.030
Choosing representatives modulo left multiplication by units: Time: 0.020
Precomputation time: 0.050
All 36 columns of big Hecke matrix (norm 103): Time: 0.440
Precomputation:
Left order classes of the right ideal classes are [ 1 ]
Getting JJs ... Time: 0.000
Getting tp's for prime of norm 103 (using "large prime method")
Doing row #1:  Time for row #1: 0.040
Choosing representatives modulo left multiplication by units: Time: 0.020
Precomputation time: 0.060
All 36 columns of big Hecke matrix (norm 103): Time: 0.440
Precomputation:
Left order classes of the right ideal classes are [ 1 ]
Getting JJs ... Time: 0.000
Getting tp's for prime of norm 113 (using "large prime method")
Doing row #1:  Time for row #1: 0.030
Choosing representatives modulo left multiplication by units: Time: 0.030
Precomputation time: 0.060
All 36 columns of big Hecke matrix (norm 113): Time: 0.480
Precomputation:
Left order classes of the right ideal classes are [ 1 ]
Getting JJs ... Time: 0.000
Getting tp's for prime of norm 113 (using "large prime method")
Doing row #1:  Time for row #1: 0.030
Choosing representatives modulo left multiplication by units: Time: 0.020
Precomputation time: 0.050
All 36 columns of big Hecke matrix (norm 113): Time: 0.480
Precomputation:
Left order classes of the right ideal classes are [ 1 ]
Getting JJs ... Time: 0.000
Getting tp's for prime of norm 121 (using "large prime method")
Doing row #1:  Time for row #1: 0.790
Precomputation time: 0.790
All 36 columns of big Hecke matrix (norm 121): Time: 0.510
Precomputation:
Left order classes of the right ideal classes are [ 1 ]
Getting JJs ... Time: 0.000
Getting tp's for prime of norm 127 (using "large prime method")
Doing row #1:  Time for row #1: 0.030
Choosing representatives modulo left multiplication by units: Time: 0.030
Precomputation time: 0.070
All 36 columns of big Hecke matrix (norm 127): Time: 0.540
Precomputation:
Left order classes of the right ideal classes are [ 1 ]
Getting JJs ... Time: 0.000
Getting tp's for prime of norm 127 (using "large prime method")
Doing row #1:  Time for row #1: 0.040
Choosing representatives modulo left multiplication by units: Time: 0.020
Precomputation time: 0.070
All 36 columns of big Hecke matrix (norm 127): Time: 0.550
Precomputation:
Left order classes of the right ideal classes are [ 1 ]
Getting JJs ... Time: 0.000
Getting tp's for prime of norm 137 (using "large prime method")
Doing row #1:  Time for row #1: 0.040
Choosing representatives modulo left multiplication by units: Time: 0.030
Precomputation time: 0.070
All 36 columns of big Hecke matrix (norm 137): Time: 0.580
Precomputation:
Left order classes of the right ideal classes are [ 1 ]
Getting JJs ... Time: 0.000
Getting tp's for prime of norm 137 (using "large prime method")
Doing row #1:  Time for row #1: 0.040
Choosing representatives modulo left multiplication by units: Time: 0.020
Precomputation time: 0.070
All 36 columns of big Hecke matrix (norm 137): Time: 0.590
Precomputation:
Left order classes of the right ideal classes are [ 1 ]
Getting JJs ... Time: 0.000
Getting tp's for prime of norm 151 (using "large prime method")
Doing row #1:  Time for row #1: 0.040
Choosing representatives modulo left multiplication by units: Time: 0.030
Precomputation time: 0.070
All 36 columns of big Hecke matrix (norm 151): Time: 0.650
Precomputation:
Left order classes of the right ideal classes are [ 1 ]
Getting JJs ... Time: 0.000
Getting tp's for prime of norm 151 (using "large prime method")
Doing row #1:  Time for row #1: 0.050
Choosing representatives modulo left multiplication by units: Time: 0.030
Precomputation time: 0.080
All 36 columns of big Hecke matrix (norm 151): Time: 0.640
Precomputation:
Left order classes of the right ideal classes are [ 1 ]
Getting JJs ... Time: 0.000
Getting tp's for prime of norm 167 (using "large prime method")
Doing row #1:  Time for row #1: 0.050
Choosing representatives modulo left multiplication by units: Time: 0.030
Precomputation time: 0.080
All 36 columns of big Hecke matrix (norm 167): Time: 0.720
Precomputation:
Left order classes of the right ideal classes are [ 1 ]
Getting JJs ... Time: 0.000
Getting tp's for prime of norm 167 (using "large prime method")
Doing row #1:  Time for row #1: 0.060
Choosing representatives modulo left multiplication by units: Time: 0.030
Precomputation time: 0.090
All 36 columns of big Hecke matrix (norm 167): Time: 0.720
Precomputation:
Left order classes of the right ideal classes are [ 1 ]
Getting JJs ... Time: 0.000
Getting tp's for prime of norm 169 (using "large prime method")
Doing row #1:  Time for row #1: 1.140
Precomputation time: 1.150
All 36 columns of big Hecke matrix (norm 169): Time: 0.720
Precomputation:
Left order classes of the right ideal classes are [ 1 ]
Getting JJs ... Time: 0.000
Getting tp's for prime of norm 191 (using "large prime method")
Doing row #1:  Time for row #1: 0.060
Choosing representatives modulo left multiplication by units: Time: 0.030
Precomputation time: 0.090
All 36 columns of big Hecke matrix (norm 191): Time: 0.810
Precomputation:
Left order classes of the right ideal classes are [ 1 ]
Getting JJs ... Time: 0.000
Getting tp's for prime of norm 191 (using "large prime method")
Doing row #1:  Time for row #1: 0.060
Choosing representatives modulo left multiplication by units: Time: 0.040
Precomputation time: 0.100
All 36 columns of big Hecke matrix (norm 191): Time: 0.820
Precomputation:
Left order classes of the right ideal classes are [ 1 ]
Getting JJs ... Time: 0.000
Getting tp's for prime of norm 193 (using "large prime method")
Doing row #1:  Time for row #1: 0.060
Choosing representatives modulo left multiplication by units: Time: 0.030
Precomputation time: 0.090
All 36 columns of big Hecke matrix (norm 193): Time: 0.840
Precomputation:
Left order classes of the right ideal classes are [ 1 ]
Getting JJs ... Time: 0.000
Getting tp's for prime of norm 193 (using "large prime method")
Doing row #1:  Time for row #1: 0.060
Choosing representatives modulo left multiplication by units: Time: 0.040
Precomputation time: 0.100
All 36 columns of big Hecke matrix (norm 193): Time: 0.820
Precomputation:
Left order classes of the right ideal classes are [ 1 ]
Getting JJs ... Time: 0.000
Getting tp's for prime of norm 199 (using "large prime method")
Doing row #1:  Time for row #1: 0.060
Choosing representatives modulo left multiplication by units: Time: 0.040
Precomputation time: 0.100
All 36 columns of big Hecke matrix (norm 199): Time: 0.850
Precomputation:
Left order classes of the right ideal classes are [ 1 ]
Getting JJs ... Time: 0.000
Getting tp's for prime of norm 199 (using "large prime method")
Doing row #1:  Time for row #1: 0.070
Choosing representatives modulo left multiplication by units: Time: 0.030
Precomputation time: 0.100
All 36 columns of big Hecke matrix (norm 199): Time: 0.850
Precomputation:
Left order classes of the right ideal classes are [ 1 ]
Getting JJs ... Time: 0.000
Getting tp's for prime of norm 223 (using "large prime method")
Doing row #1:  Time for row #1: 0.070
Choosing representatives modulo left multiplication by units: Time: 0.040
Precomputation time: 0.110
All 36 columns of big Hecke matrix (norm 223): Time: 0.950
Precomputation:
Left order classes of the right ideal classes are [ 1 ]
Getting JJs ... Time: 0.000
Getting tp's for prime of norm 223 (using "large prime method")
Doing row #1:  Time for row #1: 0.070
Choosing representatives modulo left multiplication by units: Time: 0.040
Precomputation time: 0.110
All 36 columns of big Hecke matrix (norm 223): Time: 0.960
Precomputation:
Left order classes of the right ideal classes are [ 1 ]
Getting JJs ... Time: 0.000
Getting tp's for prime of norm 233 (using "large prime method")
Doing row #1:  Time for row #1: 0.070
Choosing representatives modulo left multiplication by units: Time: 0.050
Precomputation time: 0.120
All 36 columns of big Hecke matrix (norm 233): Time: 1.000
Precomputation:
Left order classes of the right ideal classes are [ 1 ]
Getting JJs ... Time: 0.000
Getting tp's for prime of norm 233 (using "large prime method")
Doing row #1:  Time for row #1: 0.080
Choosing representatives modulo left multiplication by units: Time: 0.040
Precomputation time: 0.120
All 36 columns of big Hecke matrix (norm 233): Time: 1.000
Precomputation:
Left order classes of the right ideal classes are [ 1 ]
Getting JJs ... Time: 0.000
Getting tp's for prime of norm 239 (using "large prime method")
Doing row #1:  Time for row #1: 0.080
Choosing representatives modulo left multiplication by units: Time: 0.040
Precomputation time: 0.120
All 36 columns of big Hecke matrix (norm 239): Time: 1.030
Precomputation:
Left order classes of the right ideal classes are [ 1 ]
Getting JJs ... Time: 0.000
Getting tp's for prime of norm 239 (using "large prime method")
Doing row #1:  Time for row #1: 0.070
Choosing representatives modulo left multiplication by units: Time: 0.060
Precomputation time: 0.130
All 36 columns of big Hecke matrix (norm 239): Time: 1.020
Precomputation:
Left order classes of the right ideal classes are [ 1 ]
Getting JJs ... Time: 0.000
Getting tp's for prime of norm 241 (using "large prime method")
Doing row #1:  Time for row #1: 0.080
Choosing representatives modulo left multiplication by units: Time: 0.040
Precomputation time: 0.120
All 36 columns of big Hecke matrix (norm 241): Time: 1.030
Precomputation:
Left order classes of the right ideal classes are [ 1 ]
Getting JJs ... Time: 0.000
Getting tp's for prime of norm 241 (using "large prime method")
Doing row #1:  Time for row #1: 0.080
Choosing representatives modulo left multiplication by units: Time: 0.040
Precomputation time: 0.120
All 36 columns of big Hecke matrix (norm 241): Time: 1.040
Precomputation:
Left order classes of the right ideal classes are [ 1 ]
Getting JJs ... Time: 0.000
Getting tp's for prime of norm 257 (using "large prime method")
Doing row #1:  Time for row #1: 0.080
Choosing representatives modulo left multiplication by units: Time: 0.050
Precomputation time: 0.140
All 36 columns of big Hecke matrix (norm 257): Time: 1.100
Precomputation:
Left order classes of the right ideal classes are [ 1 ]
Getting JJs ... Time: 0.000
Getting tp's for prime of norm 257 (using "large prime method")
Doing row #1:  Time for row #1: 0.090
Choosing representatives modulo left multiplication by units: Time: 0.040
Precomputation time: 0.130
All 36 columns of big Hecke matrix (norm 257): Time: 1.100
Precomputation:
Left order classes of the right ideal classes are [ 1 ]
Getting JJs ... Time: 0.000
Getting tp's for prime of norm 263 (using "large prime method")
Doing row #1:  Time for row #1: 0.090
Choosing representatives modulo left multiplication by units: Time: 0.050
Precomputation time: 0.140
All 36 columns of big Hecke matrix (norm 263): Time: 1.130
Precomputation:
Left order classes of the right ideal classes are [ 1 ]
Getting JJs ... Time: 0.000
Getting tp's for prime of norm 263 (using "large prime method")
Doing row #1:  Time for row #1: 0.090
Choosing representatives modulo left multiplication by units: Time: 0.050
Precomputation time: 0.140
All 36 columns of big Hecke matrix (norm 263): Time: 1.130
Precomputation:
Left order classes of the right ideal classes are [ 1 ]
Getting JJs ... Time: 0.000
Getting tp's for prime of norm 271 (using "large prime method")
Doing row #1:  Time for row #1: 0.080
Choosing representatives modulo left multiplication by units: Time: 0.060
Precomputation time: 0.140
All 36 columns of big Hecke matrix (norm 271): Time: 1.160
Precomputation:
Left order classes of the right ideal classes are [ 1 ]
Getting JJs ... Time: 0.000
Getting tp's for prime of norm 271 (using "large prime method")
Doing row #1:  Time for row #1: 0.080
Choosing representatives modulo left multiplication by units: Time: 0.050
Precomputation time: 0.130
All 36 columns of big Hecke matrix (norm 271): Time: 1.160
Precomputation:
Left order classes of the right ideal classes are [ 1 ]
Getting JJs ... Time: 0.000
Getting tp's for prime of norm 281 (using "large prime method")
Doing row #1:  Time for row #1: 0.090
Choosing representatives modulo left multiplication by units: Time: 0.050
Precomputation time: 0.140
All 36 columns of big Hecke matrix (norm 281): Time: 1.210
Precomputation:
Left order classes of the right ideal classes are [ 1 ]
Getting JJs ... Time: 0.000
Getting tp's for prime of norm 281 (using "large prime method")
Doing row #1:  Time for row #1: 0.090
Choosing representatives modulo left multiplication by units: Time: 0.050
Precomputation time: 0.140
All 36 columns of big Hecke matrix (norm 281): Time: 1.280
Precomputation:
Left order classes of the right ideal classes are [ 1 ]
Getting JJs ... Time: 0.000
Getting tp's for prime of norm 311 (using "large prime method")
Doing row #1:  Time for row #1: 0.100
Choosing representatives modulo left multiplication by units: Time: 0.060
Precomputation time: 0.160
All 36 columns of big Hecke matrix (norm 311): Time: 1.340
Precomputation:
Left order classes of the right ideal classes are [ 1 ]
Getting JJs ... Time: 0.000
Getting tp's for prime of norm 311 (using "large prime method")
Doing row #1:  Time for row #1: 0.100
Choosing representatives modulo left multiplication by units: Time: 0.060
Precomputation time: 0.160
All 36 columns of big Hecke matrix (norm 311): Time: 1.350
Precomputation:
Left order classes of the right ideal classes are [ 1 ]
Getting JJs ... Time: 0.000
Getting tp's for prime of norm 313 (using "large prime method")
Doing row #1:  Time for row #1: 0.110
Choosing representatives modulo left multiplication by units: Time: 0.060
Precomputation time: 0.170
All 36 columns of big Hecke matrix (norm 313): Time: 1.360
Precomputation:
Left order classes of the right ideal classes are [ 1 ]
Getting JJs ... Time: 0.000
Getting tp's for prime of norm 313 (using "large prime method")
Doing row #1:  Time for row #1: 0.110
Choosing representatives modulo left multiplication by units: Time: 0.060
Precomputation time: 0.170
All 36 columns of big Hecke matrix (norm 313): Time: 1.350
Precomputation:
Left order classes of the right ideal classes are [ 1 ]
Getting JJs ... Time: 0.000
Getting tp's for prime of norm 337 (using "large prime method")
Doing row #1:  Time for row #1: 0.110
Choosing representatives modulo left multiplication by units: Time: 0.070
Precomputation time: 0.180
All 36 columns of big Hecke matrix (norm 337): Time: 1.460
Precomputation:
Left order classes of the right ideal classes are [ 1 ]
Getting JJs ... Time: 0.000
Getting tp's for prime of norm 337 (using "large prime method")
Doing row #1:  Time for row #1: 0.120
Choosing representatives modulo left multiplication by units: Time: 0.060
Precomputation time: 0.180
All 36 columns of big Hecke matrix (norm 337): Time: 1.450
Precomputation:
Left order classes of the right ideal classes are [ 1 ]
Getting JJs ... Time: 0.000
Getting tp's for prime of norm 353 (using "large prime method")
Doing row #1:  Time for row #1: 0.110
Choosing representatives modulo left multiplication by units: Time: 0.070
Precomputation time: 0.190
All 36 columns of big Hecke matrix (norm 353): Time: 1.520
Precomputation:
Left order classes of the right ideal classes are [ 1 ]
Getting JJs ... Time: 0.000
Getting tp's for prime of norm 353 (using "large prime method")
Doing row #1:  Time for row #1: 0.110
Choosing representatives modulo left multiplication by units: Time: 0.090
Precomputation time: 0.200
All 36 columns of big Hecke matrix (norm 353): Time: 1.530
Precomputation:
Left order classes of the right ideal classes are [ 1 ]
Getting JJs ... Time: 0.000
Getting tp's for prime of norm 359 (using "large prime method")
Doing row #1:  Time for row #1: 0.120
Choosing representatives modulo left multiplication by units: Time: 0.070
Precomputation time: 0.190
All 36 columns of big Hecke matrix (norm 359): Time: 1.550
Precomputation:
Left order classes of the right ideal classes are [ 1 ]
Getting JJs ... Time: 0.000
Getting tp's for prime of norm 359 (using "large prime method")
Doing row #1:  Time for row #1: 0.120
Choosing representatives modulo left multiplication by units: Time: 0.070
Precomputation time: 0.190
All 36 columns of big Hecke matrix (norm 359): Time: 1.560
Precomputation:
Left order classes of the right ideal classes are [ 1 ]
Getting JJs ... Time: 0.000
Getting tp's for prime of norm 361 (using "large prime method")
Doing row #1:  Time for row #1: 2.440
Precomputation time: 2.440
All 36 columns of big Hecke matrix (norm 361): Time: 1.560
Precomputation:
Left order classes of the right ideal classes are [ 1 ]
Getting JJs ... Time: 0.000
Getting tp's for prime of norm 367 (using "large prime method")
Doing row #1:  Time for row #1: 0.130
Choosing representatives modulo left multiplication by units: Time: 0.070
Precomputation time: 0.200
All 36 columns of big Hecke matrix (norm 367): Time: 1.600
Precomputation:
Left order classes of the right ideal classes are [ 1 ]
Getting JJs ... Time: 0.000
Getting tp's for prime of norm 367 (using "large prime method")
Doing row #1:  Time for row #1: 0.120
Choosing representatives modulo left multiplication by units: Time: 0.070
Precomputation time: 0.200
All 36 columns of big Hecke matrix (norm 367): Time: 1.580
Precomputation:
Left order classes of the right ideal classes are [ 1 ]
Getting JJs ... Time: 0.000
Getting tp's for prime of norm 383 (using "large prime method")
Doing row #1:  Time for row #1: 0.130
Choosing representatives modulo left multiplication by units: Time: 0.080
Precomputation time: 0.210
All 36 columns of big Hecke matrix (norm 383): Time: 1.650
Precomputation:
Left order classes of the right ideal classes are [ 1 ]
Getting JJs ... Time: 0.000
Getting tp's for prime of norm 383 (using "large prime method")
Doing row #1:  Time for row #1: 0.130
Choosing representatives modulo left multiplication by units: Time: 0.080
Precomputation time: 0.210
All 36 columns of big Hecke matrix (norm 383): Time: 1.660
Precomputation:
Left order classes of the right ideal classes are [ 1 ]
Getting JJs ... Time: 0.000
Getting tp's for prime of norm 401 (using "large prime method")
Doing row #1:  Time for row #1: 0.130
Choosing representatives modulo left multiplication by units: Time: 0.080
Precomputation time: 0.220
All 36 columns of big Hecke matrix (norm 401): Time: 1.730
Precomputation:
Left order classes of the right ideal classes are [ 1 ]
Getting JJs ... Time: 0.000
Getting tp's for prime of norm 401 (using "large prime method")
Doing row #1:  Time for row #1: 0.130
Choosing representatives modulo left multiplication by units: Time: 0.080
Precomputation time: 0.210
All 36 columns of big Hecke matrix (norm 401): Time: 1.750
Precomputation:
Left order classes of the right ideal classes are [ 1 ]
Getting JJs ... Time: 0.000
Getting tp's for prime of norm 409 (using "large prime method")
Doing row #1:  Time for row #1: 0.140
Choosing representatives modulo left multiplication by units: Time: 0.080
Precomputation time: 0.220
All 36 columns of big Hecke matrix (norm 409): Time: 1.790
Precomputation:
Left order classes of the right ideal classes are [ 1 ]
Getting JJs ... Time: 0.000
Getting tp's for prime of norm 409 (using "large prime method")
Doing row #1:  Time for row #1: 0.140
Choosing representatives modulo left multiplication by units: Time: 0.080
Precomputation time: 0.220
All 36 columns of big Hecke matrix (norm 409): Time: 1.770
Precomputation:
Left order classes of the right ideal classes are [ 1 ]
Getting JJs ... Time: 0.000
Getting tp's for prime of norm 431 (using "large prime method")
Doing row #1:  Time for row #1: 0.150
Choosing representatives modulo left multiplication by units: Time: 0.090
Precomputation time: 0.240
All 36 columns of big Hecke matrix (norm 431): Time: 1.870
Precomputation:
Left order classes of the right ideal classes are [ 1 ]
Getting JJs ... Time: 0.000
Getting tp's for prime of norm 431 (using "large prime method")
Doing row #1:  Time for row #1: 0.150
Choosing representatives modulo left multiplication by units: Time: 0.080
Precomputation time: 0.240
All 36 columns of big Hecke matrix (norm 431): Time: 1.860
Precomputation:
Left order classes of the right ideal classes are [ 1 ]
Getting JJs ... Time: 0.000
Getting tp's for prime of norm 433 (using "large prime method")
Doing row #1:  Time for row #1: 0.150
Choosing representatives modulo left multiplication by units: Time: 0.080
Precomputation time: 0.230
All 36 columns of big Hecke matrix (norm 433): Time: 1.880
Precomputation:
Left order classes of the right ideal classes are [ 1 ]
Getting JJs ... Time: 0.000
Getting tp's for prime of norm 433 (using "large prime method")
Doing row #1:  Time for row #1: 0.150
Choosing representatives modulo left multiplication by units: Time: 0.080
Precomputation time: 0.230
All 36 columns of big Hecke matrix (norm 433): Time: 1.870
Precomputation:
Left order classes of the right ideal classes are [ 1 ]
Getting JJs ... Time: 0.000
Getting tp's for prime of norm 439 (using "large prime method")
Doing row #1:  Time for row #1: 0.150
Choosing representatives modulo left multiplication by units: Time: 0.090
Precomputation time: 0.240
All 36 columns of big Hecke matrix (norm 439): Time: 1.900
Precomputation:
Left order classes of the right ideal classes are [ 1 ]
Getting JJs ... Time: 0.000
Getting tp's for prime of norm 439 (using "large prime method")
Doing row #1:  Time for row #1: 0.160
Choosing representatives modulo left multiplication by units: Time: 0.080
Precomputation time: 0.240
All 36 columns of big Hecke matrix (norm 439): Time: 1.910
Precomputation:
Left order classes of the right ideal classes are [ 1 ]
Getting JJs ... Time: 0.000
Getting tp's for prime of norm 449 (using "large prime method")
Doing row #1:  Time for row #1: 0.160
Choosing representatives modulo left multiplication by units: Time: 0.090
Precomputation time: 0.250
All 36 columns of big Hecke matrix (norm 449): Time: 1.940
Precomputation:
Left order classes of the right ideal classes are [ 1 ]
Getting JJs ... Time: 0.000
Getting tp's for prime of norm 449 (using "large prime method")
Doing row #1:  Time for row #1: 0.150
Choosing representatives modulo left multiplication by units: Time: 0.090
Precomputation time: 0.250
All 36 columns of big Hecke matrix (norm 449): Time: 1.940
Precomputation:
Left order classes of the right ideal classes are [ 1 ]
Getting JJs ... Time: 0.000
Getting tp's for prime of norm 457 (using "large prime method")
Doing row #1:  Time for row #1: 0.160
Choosing representatives modulo left multiplication by units: Time: 0.090
Precomputation time: 0.250
All 36 columns of big Hecke matrix (norm 457): Time: 1.980
Precomputation:
Left order classes of the right ideal classes are [ 1 ]
Getting JJs ... Time: 0.000
Getting tp's for prime of norm 457 (using "large prime method")
Doing row #1:  Time for row #1: 0.160
Choosing representatives modulo left multiplication by units: Time: 0.090
Precomputation time: 0.250
All 36 columns of big Hecke matrix (norm 457): Time: 1.970
Precomputation:
Left order classes of the right ideal classes are [ 1 ]
Getting JJs ... Time: 0.000
Getting tp's for prime of norm 463 (using "large prime method")
Doing row #1:  Time for row #1: 0.160
Choosing representatives modulo left multiplication by units: Time: 0.110
Precomputation time: 0.270
All 36 columns of big Hecke matrix (norm 463): Time: 2.000
Precomputation:
Left order classes of the right ideal classes are [ 1 ]
Getting JJs ... Time: 0.000
Getting tp's for prime of norm 463 (using "large prime method")
Doing row #1:  Time for row #1: 0.170
Choosing representatives modulo left multiplication by units: Time: 0.090
Precomputation time: 0.260
All 36 columns of big Hecke matrix (norm 463): Time: 2.000
Precomputation:
Left order classes of the right ideal classes are [ 1 ]
Getting JJs ... Time: 0.000
Getting tp's for prime of norm 479 (using "large prime method")
Doing row #1:  Time for row #1: 0.170
Choosing representatives modulo left multiplication by units: Time: 0.090
Precomputation time: 0.260
All 36 columns of big Hecke matrix (norm 479): Time: 2.060
Precomputation:
Left order classes of the right ideal classes are [ 1 ]
Getting JJs ... Time: 0.000
Getting tp's for prime of norm 479 (using "large prime method")
Doing row #1:  Time for row #1: 0.180
Choosing representatives modulo left multiplication by units: Time: 0.090
Precomputation time: 0.270
All 36 columns of big Hecke matrix (norm 479): Time: 2.070
Precomputation:
Left order classes of the right ideal classes are [ 1 ]
Getting JJs ... Time: 0.000
Getting tp's for prime of norm 487 (using "large prime method")
Doing row #1:  Time for row #1: 0.170
Choosing representatives modulo left multiplication by units: Time: 0.120
Precomputation time: 0.300
All 36 columns of big Hecke matrix (norm 487): Time: 2.120
Precomputation:
Left order classes of the right ideal classes are [ 1 ]
Getting JJs ... Time: 0.000
Getting tp's for prime of norm 487 (using "large prime method")
Doing row #1:  Time for row #1: 0.180
Choosing representatives modulo left multiplication by units: Time: 0.090
Precomputation time: 0.270
All 36 columns of big Hecke matrix (norm 487): Time: 2.120
Precomputation:
Left order classes of the right ideal classes are [ 1 ]
Getting JJs ... Time: 0.000
Getting tp's for prime of norm 503 (using "large prime method")
Doing row #1:  Time for row #1: 0.180
Choosing representatives modulo left multiplication by units: Time: 0.100
Precomputation time: 0.280
All 36 columns of big Hecke matrix (norm 503): Time: 2.180
Precomputation:
Left order classes of the right ideal classes are [ 1 ]
Getting JJs ... Time: 0.000
Getting tp's for prime of norm 503 (using "large prime method")
Doing row #1:  Time for row #1: 0.190
Choosing representatives modulo left multiplication by units: Time: 0.100
Precomputation time: 0.290
All 36 columns of big Hecke matrix (norm 503): Time: 2.170
Precomputation:
Left order classes of the right ideal classes are [ 1 ]
Getting JJs ... Time: 0.000
Getting tp's for prime of norm 521 (using "large prime method")
Doing row #1:  Time for row #1: 0.190
Choosing representatives modulo left multiplication by units: Time: 0.100
Precomputation time: 0.290
All 36 columns of big Hecke matrix (norm 521): Time: 2.250
Precomputation:
Left order classes of the right ideal classes are [ 1 ]
Getting JJs ... Time: 0.000
Getting tp's for prime of norm 521 (using "large prime method")
Doing row #1:  Time for row #1: 0.180
Choosing representatives modulo left multiplication by units: Time: 0.100
Precomputation time: 0.280
All 36 columns of big Hecke matrix (norm 521): Time: 2.260
Precomputation:
Left order classes of the right ideal classes are [ 1 ]
Getting JJs ... Time: 0.000
Getting tp's for prime of norm 569 (using "large prime method")
Doing row #1:  Time for row #1: 0.220
Choosing representatives modulo left multiplication by units: Time: 0.110
Precomputation time: 0.330
All 36 columns of big Hecke matrix (norm 569): Time: 2.460
Precomputation:
Left order classes of the right ideal classes are [ 1 ]
Getting JJs ... Time: 0.000
Getting tp's for prime of norm 569 (using "large prime method")
Doing row #1:  Time for row #1: 0.210
Choosing representatives modulo left multiplication by units: Time: 0.110
Precomputation time: 0.330
All 36 columns of big Hecke matrix (norm 569): Time: 2.460
Precomputation:
Left order classes of the right ideal classes are [ 1 ]
Getting JJs ... Time: 0.000
Getting tp's for prime of norm 577 (using "large prime method")
Doing row #1:  Time for row #1: 0.210
Choosing representatives modulo left multiplication by units: Time: 0.110
Precomputation time: 0.320
All 36 columns of big Hecke matrix (norm 577): Time: 2.490
Precomputation:
Left order classes of the right ideal classes are [ 1 ]
Getting JJs ... Time: 0.000
Getting tp's for prime of norm 577 (using "large prime method")
Doing row #1:  Time for row #1: 0.220
Choosing representatives modulo left multiplication by units: Time: 0.110
Precomputation time: 0.330
All 36 columns of big Hecke matrix (norm 577): Time: 2.490
Precomputation:
Left order classes of the right ideal classes are [ 1 ]
Getting JJs ... Time: 0.000
Getting tp's for prime of norm 593 (using "large prime method")
Doing row #1:  Time for row #1: 0.220
Choosing representatives modulo left multiplication by units: Time: 0.120
Precomputation time: 0.340
All 36 columns of big Hecke matrix (norm 593): Time: 2.580
Precomputation:
Left order classes of the right ideal classes are [ 1 ]
Getting JJs ... Time: 0.000
Getting tp's for prime of norm 593 (using "large prime method")
Doing row #1:  Time for row #1: 0.220
Choosing representatives modulo left multiplication by units: Time: 0.110
Precomputation time: 0.330
All 36 columns of big Hecke matrix (norm 593): Time: 2.550
Precomputation:
Left order classes of the right ideal classes are [ 1 ]
Getting JJs ... Time: 0.000
Getting tp's for prime of norm 599 (using "large prime method")
Doing row #1:  Time for row #1: 0.230
Choosing representatives modulo left multiplication by units: Time: 0.120
Precomputation time: 0.350
All 36 columns of big Hecke matrix (norm 599): Time: 2.590
Precomputation:
Left order classes of the right ideal classes are [ 1 ]
Getting JJs ... Time: 0.000
Getting tp's for prime of norm 599 (using "large prime method")
Doing row #1:  Time for row #1: 0.230
Choosing representatives modulo left multiplication by units: Time: 0.120
Precomputation time: 0.350
All 36 columns of big Hecke matrix (norm 599): Time: 2.590
Precomputation:
Left order classes of the right ideal classes are [ 1 ]
Getting JJs ... Time: 0.000
Getting tp's for prime of norm 601 (using "large prime method")
Doing row #1:  Time for row #1: 0.220
Choosing representatives modulo left multiplication by units: Time: 0.120
Precomputation time: 0.340
All 36 columns of big Hecke matrix (norm 601): Time: 2.580
Precomputation:
Left order classes of the right ideal classes are [ 1 ]
Getting JJs ... Time: 0.000
Getting tp's for prime of norm 601 (using "large prime method")
Doing row #1:  Time for row #1: 0.220
Choosing representatives modulo left multiplication by units: Time: 0.120
Precomputation time: 0.340
All 36 columns of big Hecke matrix (norm 601): Time: 2.590
Precomputation:
Left order classes of the right ideal classes are [ 1 ]
Getting JJs ... Time: 0.000
Getting tp's for prime of norm 607 (using "large prime method")
Doing row #1:  Time for row #1: 0.230
Choosing representatives modulo left multiplication by units: Time: 0.120
Precomputation time: 0.350
All 36 columns of big Hecke matrix (norm 607): Time: 2.620
Precomputation:
Left order classes of the right ideal classes are [ 1 ]
Getting JJs ... Time: 0.000
Getting tp's for prime of norm 607 (using "large prime method")
Doing row #1:  Time for row #1: 0.220
Choosing representatives modulo left multiplication by units: Time: 0.120
Precomputation time: 0.340
All 36 columns of big Hecke matrix (norm 607): Time: 2.620
Precomputation:
Left order classes of the right ideal classes are [ 1 ]
Getting JJs ... Time: 0.000
Getting tp's for prime of norm 617 (using "large prime method")
Doing row #1:  Time for row #1: 0.230
Choosing representatives modulo left multiplication by units: Time: 0.120
Precomputation time: 0.350
All 36 columns of big Hecke matrix (norm 617): Time: 2.670
Precomputation:
Left order classes of the right ideal classes are [ 1 ]
Getting JJs ... Time: 0.000
Getting tp's for prime of norm 617 (using "large prime method")
Doing row #1:  Time for row #1: 0.230
Choosing representatives modulo left multiplication by units: Time: 0.120
Precomputation time: 0.350
All 36 columns of big Hecke matrix (norm 617): Time: 2.670
Precomputation:
Left order classes of the right ideal classes are [ 1 ]
Getting JJs ... Time: 0.000
Getting tp's for prime of norm 631 (using "large prime method")
Doing row #1:  Time for row #1: 0.230
Choosing representatives modulo left multiplication by units: Time: 0.130
Precomputation time: 0.360
All 36 columns of big Hecke matrix (norm 631): Time: 2.720
Precomputation:
Left order classes of the right ideal classes are [ 1 ]
Getting JJs ... Time: 0.000
Getting tp's for prime of norm 631 (using "large prime method")
Doing row #1:  Time for row #1: 0.240
Choosing representatives modulo left multiplication by units: Time: 0.130
Precomputation time: 0.370
All 36 columns of big Hecke matrix (norm 631): Time: 2.720
Precomputation:
Left order classes of the right ideal classes are [ 1 ]
Getting JJs ... Time: 0.000
Getting tp's for prime of norm 641 (using "large prime method")
Doing row #1:  Time for row #1: 0.240
Choosing representatives modulo left multiplication by units: Time: 0.130
Precomputation time: 0.370
All 36 columns of big Hecke matrix (norm 641): Time: 2.760
Precomputation:
Left order classes of the right ideal classes are [ 1 ]
Getting JJs ... Time: 0.000
Getting tp's for prime of norm 641 (using "large prime method")
Doing row #1:  Time for row #1: 0.270
Choosing representatives modulo left multiplication by units: Time: 0.160
Precomputation time: 0.430
All 36 columns of big Hecke matrix (norm 641): Time: 2.810
Precomputation:
Left order classes of the right ideal classes are [ 1 ]
Getting JJs ... Time: 0.000
Getting tp's for prime of norm 647 (using "large prime method")
Doing row #1:  Time for row #1: 0.250
Choosing representatives modulo left multiplication by units: Time: 0.140
Precomputation time: 0.390
All 36 columns of big Hecke matrix (norm 647): Time: 2.810
Precomputation:
Left order classes of the right ideal classes are [ 1 ]
Getting JJs ... Time: 0.000
Getting tp's for prime of norm 647 (using "large prime method")
Doing row #1:  Time for row #1: 0.250
Choosing representatives modulo left multiplication by units: Time: 0.130
Precomputation time: 0.380
All 36 columns of big Hecke matrix (norm 647): Time: 2.810
Precomputation:
Left order classes of the right ideal classes are [ 1 ]
Getting JJs ... Time: 0.000
Getting tp's for prime of norm 673 (using "large prime method")
Doing row #1:  Time for row #1: 0.300
Choosing representatives modulo left multiplication by units: Time: 0.130
Precomputation time: 0.430
All 36 columns of big Hecke matrix (norm 673): Time: 2.910
Precomputation:
Left order classes of the right ideal classes are [ 1 ]
Getting JJs ... Time: 0.000
Getting tp's for prime of norm 673 (using "large prime method")
Doing row #1:  Time for row #1: 0.260
Choosing representatives modulo left multiplication by units: Time: 0.130
Precomputation time: 0.390
All 36 columns of big Hecke matrix (norm 673): Time: 2.910
Precomputation:
Left order classes of the right ideal classes are [ 1 ]
Getting JJs ... Time: 0.000
Getting tp's for prime of norm 719 (using "large prime method")
Doing row #1:  Time for row #1: 0.290
Choosing representatives modulo left multiplication by units: Time: 0.140
Precomputation time: 0.430
All 36 columns of big Hecke matrix (norm 719): Time: 3.120
Precomputation:
Left order classes of the right ideal classes are [ 1 ]
Getting JJs ... Time: 0.000
Getting tp's for prime of norm 719 (using "large prime method")
Doing row #1:  Time for row #1: 0.290
Choosing representatives modulo left multiplication by units: Time: 0.140
Precomputation time: 0.430
All 36 columns of big Hecke matrix (norm 719): Time: 3.130
Precomputation:
Left order classes of the right ideal classes are [ 1 ]
Getting JJs ... Time: 0.000
Getting tp's for prime of norm 727 (using "large prime method")
Doing row #1:  Time for row #1: 0.280
Choosing representatives modulo left multiplication by units: Time: 0.140
Precomputation time: 0.420
All 36 columns of big Hecke matrix (norm 727): Time: 3.160
Precomputation:
Left order classes of the right ideal classes are [ 1 ]
Getting JJs ... Time: 0.000
Getting tp's for prime of norm 727 (using "large prime method")
Doing row #1:  Time for row #1: 0.290
Choosing representatives modulo left multiplication by units: Time: 0.140
Precomputation time: 0.430
All 36 columns of big Hecke matrix (norm 727): Time: 3.140
Precomputation:
Left order classes of the right ideal classes are [ 1 ]
Getting JJs ... Time: 0.000
Getting tp's for prime of norm 743 (using "large prime method")
Doing row #1:  Time for row #1: 0.290
Choosing representatives modulo left multiplication by units: Time: 0.140
Precomputation time: 0.440
All 36 columns of big Hecke matrix (norm 743): Time: 3.220
Precomputation:
Left order classes of the right ideal classes are [ 1 ]
Getting JJs ... Time: 0.000
Getting tp's for prime of norm 743 (using "large prime method")
Doing row #1:  Time for row #1: 0.290
Choosing representatives modulo left multiplication by units: Time: 0.150
Precomputation time: 0.440
All 36 columns of big Hecke matrix (norm 743): Time: 3.230
Precomputation:
Left order classes of the right ideal classes are [ 1 ]
Getting JJs ... Time: 0.000
Getting tp's for prime of norm 751 (using "large prime method")
Doing row #1:  Time for row #1: 0.300
Choosing representatives modulo left multiplication by units: Time: 0.150
Precomputation time: 0.450
All 36 columns of big Hecke matrix (norm 751): Time: 3.250
Precomputation:
Left order classes of the right ideal classes are [ 1 ]
Getting JJs ... Time: 0.000
Getting tp's for prime of norm 751 (using "large prime method")
Doing row #1:  Time for row #1: 0.320
Choosing representatives modulo left multiplication by units: Time: 0.160
Precomputation time: 0.480
All 36 columns of big Hecke matrix (norm 751): Time: 3.570
Precomputation:
Left order classes of the right ideal classes are [ 1 ]
Getting JJs ... Time: 0.000
Getting tp's for prime of norm 761 (using "large prime method")
Doing row #1:  Time for row #1: 0.330
Choosing representatives modulo left multiplication by units: Time: 0.150
Precomputation time: 0.480
All 36 columns of big Hecke matrix (norm 761): Time: 3.530
Precomputation:
Left order classes of the right ideal classes are [ 1 ]
Getting JJs ... Time: 0.000
Getting tp's for prime of norm 761 (using "large prime method")
Doing row #1:  Time for row #1: 0.320
Choosing representatives modulo left multiplication by units: Time: 0.170
Precomputation time: 0.490
All 36 columns of big Hecke matrix (norm 761): Time: 3.520
Precomputation:
Left order classes of the right ideal classes are [ 1 ]
Getting JJs ... Time: 0.000
Getting tp's for prime of norm 769 (using "large prime method")
Doing row #1:  Time for row #1: 0.330
Choosing representatives modulo left multiplication by units: Time: 0.160
Precomputation time: 0.490
All 36 columns of big Hecke matrix (norm 769): Time: 3.550
Precomputation:
Left order classes of the right ideal classes are [ 1 ]
Getting JJs ... Time: 0.000
Getting tp's for prime of norm 769 (using "large prime method")
Doing row #1:  Time for row #1: 0.320
Choosing representatives modulo left multiplication by units: Time: 0.160
Precomputation time: 0.480
All 36 columns of big Hecke matrix (norm 769): Time: 3.510
Time: 421.680
